INFO 2012-08-16 14:02:36,585 views 5224 6916 test
INFO 2012-08-16 14:02:39,302 views 5224 4820 test
INFO 2012-08-16 14:05:10,963 views 6460 5164 sending notification
INFO 2012-08-16 14:05:38,105 views 6460 6964 sending notification
INFO 2012-08-16 14:06:22,484 views 6188 2160 sending notification
INFO 2012-08-16 14:07:09,009 views 4956 5292 sending notification
INFO 2012-08-17 15:12:13,953 views 3672 3440 load_photo
INFO 2012-08-17 15:12:13,967 views 3672 3440 Got file: "IMG_16082012_175902.png"
INFO 2012-08-17 15:12:14,013 views 3672 3440 File saving done
INFO 2012-08-17 15:21:50,796 views 3672 3516 load_photo
INFO 2012-08-17 15:21:50,805 views 3672 3516 Got file: "IMG_16082012_175902.png"
INFO 2012-08-17 15:21:50,987 views 3672 3516 File saving done
INFO 2012-08-17 15:22:56,286 views 3672 2924 load_photo
INFO 2012-08-17 15:22:56,311 views 3672 2924 Got file: "IMG_16082012_175902.png"
INFO 2012-08-17 15:22:56,378 views 3672 2924 File saving done
INFO 2012-08-17 15:23:27,736 views 3672 2712 load_photo
INFO 2012-08-17 15:23:27,766 views 3672 2712 Got file: "IMG_16082012_175902.png"
INFO 2012-08-17 15:23:27,938 views 3672 2712 File saving done
INFO 2012-08-17 15:24:10,628 views 5096 4872 load_photo
INFO 2012-08-17 15:24:10,638 views 5096 4872 Got file: "IMG_16082012_175902.png"
INFO 2012-08-17 15:24:10,694 views 5096 4872 File saving done
INFO 2012-08-17 15:24:38,423 views 5096 5020 load_photo
INFO 2012-08-17 15:24:38,454 views 5096 5020 Got file: "IMG_16082012_175902.png"
INFO 2012-08-17 15:24:38,625 views 5096 5020 File saving done
INFO 2012-08-17 15:24:57,601 views 5096 3652 load_photo
INFO 2012-08-17 15:24:57,615 views 5096 3652 Got file: "IMG_16082012_175902_1.png"
INFO 2012-08-17 15:24:57,760 views 5096 3652 File saving done
INFO 2012-08-17 15:25:00,565 views 5096 4356 load_photo
INFO 2012-08-17 15:25:00,638 views 5096 4356 Got file: "IMG_0515_2.JPG"
INFO 2012-08-17 15:25:00,710 views 5096 4356 File saving done
INFO 2012-08-17 15:25:10,861 views 5096 4916 load_photo
INFO 2012-08-17 15:25:10,892 views 5096 4916 Got file: "980u_2.jpg"
INFO 2012-08-17 15:25:11,046 views 5096 4916 File saving done
INFO 2012-08-17 15:25:51,266 views 5096 4568 load_photo
INFO 2012-08-17 15:25:51,266 views 5096 4396 load_photo
INFO 2012-08-17 15:25:51,266 views 5096 2288 load_photo
INFO 2012-08-17 15:25:51,266 views 5096 4184 load_photo
INFO 2012-08-17 15:25:51,266 views 5096 3940 load_photo
INFO 2012-08-17 15:25:51,313 views 5096 4184 Got file: "IMG_16082012_175902.png"
INFO 2012-08-17 15:25:51,313 views 5096 3940 Got file: "x_e9967041_1_1.jpg"
INFO 2012-08-17 15:25:51,323 views 5096 4568 Got file: "980u_2_1.jpg"
INFO 2012-08-17 15:25:51,328 views 5096 2288 Got file: "IMG_0517.JPG"
INFO 2012-08-17 15:25:51,334 views 5096 4396 Got file: "IMG_0515_3.JPG"
INFO 2012-08-17 15:25:51,377 views 5096 3940 File saving done
INFO 2012-08-17 15:25:51,414 views 5096 2288 File saving done
INFO 2012-08-17 15:25:51,762 views 5096 4396 File saving done
INFO 2012-08-17 15:25:52,262 views 5096 4184 File saving done
INFO 2012-08-17 15:25:53,026 views 5096 4568 File saving done
INFO 2012-08-17 15:26:48,289 views 1220 3868 load_photo
INFO 2012-08-17 15:26:48,319 views 1220 3868 Got file: "IMG_16082012_175902_6.png"
INFO 2012-08-17 15:26:48,496 views 1220 3868 File saving done
INFO 2012-08-17 15:28:14,325 views 1220 4656 load_photo
INFO 2012-08-17 15:28:14,371 views 1220 4656 Got file: "IMG_16082012_175902_6.png"
INFO 2012-08-17 15:28:14,540 views 1220 4656 File saving done
INFO 2012-08-17 15:28:19,559 views 1220 3196 load_photo
INFO 2012-08-17 15:28:19,618 views 1220 3196 Got file: "IMG_0517_3.JPG"
INFO 2012-08-17 15:28:19,668 views 1220 3196 File saving done
INFO 2012-08-17 15:28:28,206 views 1220 3428 load_photo
INFO 2012-08-17 15:28:28,296 views 1220 3428 Got file: "980u_2.jpg"
INFO 2012-08-17 15:28:28,351 views 1220 3428 File saving done
INFO 2012-08-17 15:30:05,099 views 1220 912 load_photo
INFO 2012-08-17 15:30:05,160 views 1220 912 Got file: "IMG_0517_5_1.JPG"
INFO 2012-08-17 15:30:05,233 views 1220 912 File saving done
INFO 2012-08-17 15:34:41,154 views 1220 3308 load_photo
INFO 2012-08-17 15:34:41,198 views 1220 3308 Got file: "x_e9967041_1_1.jpg"
INFO 2012-08-17 15:34:41,322 views 1220 3308 File saving done
INFO 2012-08-17 15:37:49,634 views 1220 3936 load_photo
INFO 2012-08-17 15:37:49,668 views 1220 3936 Got file: "IMG_16082012_175902_6_1.png"
INFO 2012-08-17 15:37:49,792 views 1220 3936 File saving done
INFO 2012-08-17 15:49:53,775 views 1220 3268 load_photo
INFO 2012-08-17 15:49:53,805 views 1220 3268 Got file: "IMG_16082012_175902_5.png"
INFO 2012-08-17 15:49:53,954 views 1220 3268 File saving done
INFO 2012-08-17 15:50:46,555 views 1220 2476 load_photo
INFO 2012-08-17 15:50:46,588 views 1220 2476 Got file: "IMG_16082012_175902_5_1.png"
INFO 2012-08-17 15:50:46,621 views 1220 2476 File saving done
INFO 2012-08-17 15:50:48,720 views 1220 4652 load_photo
INFO 2012-08-17 15:50:48,753 views 1220 4652 Got file: "IMG_16082012_175902_4.png"
INFO 2012-08-17 15:50:48,834 views 1220 4652 File saving done
INFO 2012-08-17 15:50:55,793 views 1220 1508 load_photo
INFO 2012-08-17 15:50:55,855 views 1220 1508 Got file: "980u_2_2.jpg"
INFO 2012-08-17 15:50:55,993 views 1220 1508 File saving done
INFO 2012-08-17 15:50:59,114 views 1220 844 load_photo
INFO 2012-08-17 15:50:59,260 views 1220 844 Got file: "IMG_0517_1.JPG"
INFO 2012-08-17 15:50:59,303 views 1220 844 File saving done
INFO 2012-08-17 15:51:33,549 views 1220 4916 load_photo
INFO 2012-08-17 15:51:33,572 views 1220 4916 Got file: "IMG_16082012_175902_4_1.png"
INFO 2012-08-17 15:51:33,707 views 1220 4916 File saving done
INFO 2012-08-17 15:52:14,595 views 1220 4372 load_photo
INFO 2012-08-17 15:52:14,765 views 1220 4372 Got file: "IMG_0517_4.JPG"
INFO 2012-08-17 15:52:14,951 views 1220 4372 File saving done
INFO 2012-08-17 16:42:22,678 views 3084 4356 load_photo
INFO 2012-08-17 16:42:22,726 views 3084 4356 Got file: "IMG_16082012_175902_4_1_1.png"
INFO 2012-08-17 16:42:22,770 views 3084 4356 File saving done
INFO 2012-08-17 16:42:29,989 views 3084 3076 load_photo
INFO 2012-08-17 16:42:30,033 views 3084 3076 Got file: "IMG_0517_3.JPG"
INFO 2012-08-17 16:42:30,200 views 3084 3076 File saving done
INFO 2012-08-17 16:42:41,326 views 3084 4660 load_photo
INFO 2012-08-17 16:42:41,368 views 3084 4660 Got file: "IMG_16082012_175902_3.png"
INFO 2012-08-17 16:42:41,417 views 3084 4660 File saving done
INFO 2012-08-17 16:45:24,677 views 3084 3632 load_photo
INFO 2012-08-17 16:45:24,727 views 3084 3632 Got file: "IMG_16082012_175902_4.png"
INFO 2012-08-17 16:45:24,767 views 3084 3632 File saving done
INFO 2012-08-17 16:45:47,302 views 3084 3188 load_photo
INFO 2012-08-17 16:45:47,313 views 3084 3188 Got file: "IMG_16082012_175902_3_1.png"
INFO 2012-08-17 16:45:47,357 views 3084 3188 File saving done
INFO 2012-08-17 16:45:49,016 views 3084 4484 load_photo
INFO 2012-08-17 16:45:49,078 views 3084 4484 Got file: "IMG_0515.JPG"
INFO 2012-08-17 16:45:49,124 views 3084 4484 File saving done
INFO 2012-08-17 16:45:50,723 views 3084 5004 load_photo
INFO 2012-08-17 16:45:50,773 views 3084 5004 Got file: "980u.jpg"
INFO 2012-08-17 16:45:50,867 views 3084 5004 File saving done
INFO 2012-08-17 16:45:52,469 views 3084 4060 load_photo
INFO 2012-08-17 16:45:52,592 views 3084 4060 Got file: "IMG_0515_3_1.JPG"
INFO 2012-08-17 16:45:52,674 views 3084 4060 File saving done
INFO 2012-08-17 16:47:29,246 views 3084 3884 load_photo
INFO 2012-08-17 16:47:29,368 views 3084 3884 Got file: "980u_2_2.jpg"
INFO 2012-08-17 16:47:29,411 views 3084 3884 File saving done
INFO 2012-08-17 16:48:27,048 views 3084 5056 load_photo
INFO 2012-08-17 16:48:27,099 views 3084 5056 Got file: "980u_3.jpg"
INFO 2012-08-17 16:48:27,259 views 3084 5056 File saving done
INFO 2012-08-17 16:48:30,163 views 3084 4580 load_photo
INFO 2012-08-17 16:48:30,285 views 3084 4580 Got file: "IMG_0517_6.JPG"
INFO 2012-08-17 16:48:30,348 views 3084 4580 File saving done
INFO 2012-08-17 16:48:33,569 views 3084 3564 load_photo
INFO 2012-08-17 16:48:33,677 views 3084 3564 Got file: "980u_2.jpg"
INFO 2012-08-17 16:48:33,767 views 3084 3564 File saving done
INFO 2012-08-17 16:51:46,428 views 3084 1696 load_photo
INFO 2012-08-17 16:51:46,469 views 3084 1696 Got file: "IMG_16082012_175902_1.png"
INFO 2012-08-17 16:51:46,513 views 3084 1696 File saving done
INFO 2012-08-17 16:54:17,615 views 3084 3332 load_photo
INFO 2012-08-17 16:54:17,628 views 3084 5068 load_photo
INFO 2012-08-17 16:54:17,631 views 3084 4412 load_photo
INFO 2012-08-17 16:54:17,663 views 3084 3332 Got file: "980u_2_2.jpg"
INFO 2012-08-17 16:54:17,667 views 3084 4412 Got file: "IMG_0517_2.JPG"
INFO 2012-08-17 16:54:17,680 views 3084 5068 Got file: "IMG_0515_2_1_1.JPG"
INFO 2012-08-17 16:54:17,750 views 3084 3332 File saving done
INFO 2012-08-17 16:54:17,960 views 3084 4412 File saving done
INFO 2012-08-17 16:54:19,413 views 3084 5068 File saving done
INFO 2012-08-17 16:56:58,461 views 3084 2348 load_photo
INFO 2012-08-17 16:56:58,507 views 3084 2348 Got file: "IMG_16082012_175902_5.png"
INFO 2012-08-17 16:56:58,559 views 3084 2348 File saving done
INFO 2012-08-17 17:00:08,367 views 3084 2568 load_photo
INFO 2012-08-17 17:00:08,367 views 3084 4360 load_photo
INFO 2012-08-17 17:00:08,377 views 3084 5004 load_photo
INFO 2012-08-17 17:00:08,377 views 3084 2348 load_photo
INFO 2012-08-17 17:00:09,148 views 3084 3148 load_photo
INFO 2012-08-17 17:00:09,151 views 3084 3308 load_photo
INFO 2012-08-17 17:00:09,151 views 3084 4496 load_photo
INFO 2012-08-17 17:00:09,151 views 3084 3552 load_photo
INFO 2012-08-17 17:00:09,151 views 3084 3912 load_photo
INFO 2012-08-17 17:00:09,161 views 3084 4280 load_photo
INFO 2012-08-17 17:00:09,194 views 3084 1672 load_photo
INFO 2012-08-17 17:00:09,194 views 3084 4136 load_photo
INFO 2012-08-17 17:00:09,194 views 3084 2704 load_photo
INFO 2012-08-17 17:00:09,194 views 3084 3968 load_photo
INFO 2012-08-17 17:00:09,887 views 3084 3668 load_photo
INFO 2012-08-17 17:00:09,887 views 3084 4792 load_photo
INFO 2012-08-17 17:00:10,256 views 3084 5004 Got file: "980u_2.jpg"
INFO 2012-08-17 17:00:10,256 views 3084 4360 Got file: "980u_1.jpg"
INFO 2012-08-17 17:00:10,256 views 3084 2348 Got file: "980u_2_1.jpg"
INFO 2012-08-17 17:00:10,256 views 3084 2568 Got file: "980u.jpg"
INFO 2012-08-17 17:00:10,256 views 3084 3308 Got file: "980u_2_2.jpg"
INFO 2012-08-17 17:00:10,591 views 3084 5004 File saving done
INFO 2012-08-17 17:00:10,765 views 3084 3968 Got file: "980u_3.jpg"
INFO 2012-08-17 17:00:10,767 views 3084 3552 Got file: "980u_2_2_2.jpg"
INFO 2012-08-17 17:00:10,767 views 3084 4496 Got file: "980u_2_2_1.jpg"
INFO 2012-08-17 17:00:11,322 views 3084 4360 File saving done
INFO 2012-08-17 17:00:11,930 views 3084 3968 File saving done
INFO 2012-08-17 17:00:12,203 views 3084 4280 Got file: "980u_2_3.jpg"
INFO 2012-08-17 17:00:12,203 views 3084 4136 Got file: "980u_3_1.jpg"
INFO 2012-08-17 17:00:12,203 views 3084 3912 Got file: "980u_2_2_3.jpg"
INFO 2012-08-17 17:00:12,203 views 3084 3148 Got file: "980u_2_1_1.jpg"
INFO 2012-08-17 17:00:14,290 views 3084 3552 File saving done
INFO 2012-08-17 17:00:14,782 views 3084 4496 File saving done
INFO 2012-08-17 17:00:14,956 views 3084 4792 Got file: "IMG_0515_2.JPG"
INFO 2012-08-17 17:00:14,966 views 3084 3668 Got file: "IMG_0515_1_1.JPG"
INFO 2012-08-17 17:00:15,128 views 3084 1672 Got file: "IMG_0515.JPG"
INFO 2012-08-17 17:00:15,128 views 3084 2704 Got file: "IMG_0515_1.JPG"
INFO 2012-08-17 17:00:15,151 views 3084 3308 File saving done
INFO 2012-08-17 17:00:15,446 views 3084 2704 File saving done
INFO 2012-08-17 17:00:16,628 views 3084 3668 File saving done
ERROR 2012-08-17 17:00:17,145 views 3084 5004 Cannot generate thumbnail: database is locked
INFO 2012-08-17 17:00:17,256 views 3084 708 load_photo
ERROR 2012-08-17 17:00:17,575 views 3084 4360 Cannot generate thumbnail: database is locked
INFO 2012-08-17 17:00:17,661 views 3084 4436 load_photo
INFO 2012-08-17 17:00:18,040 views 3084 4792 File saving done
INFO 2012-08-17 17:00:18,051 views 3084 708 Got file: "IMG_0515_2_1.JPG"
INFO 2012-08-17 17:00:18,072 views 3084 4436 Got file: "IMG_0515_2_1_1.JPG"
INFO 2012-08-17 17:00:18,546 views 3084 708 File saving done
ERROR 2012-08-17 17:00:20,651 views 3084 3552 Cannot generate thumbnail: database is locked
INFO 2012-08-17 17:00:21,628 views 3084 1088 load_photo
INFO 2012-08-17 17:00:21,638 views 3084 1088 Got file: "IMG_0515_2_1_1_1.JPG"
ERROR 2012-08-17 17:00:22,007 views 3084 4496 Cannot generate thumbnail: database is locked
ERROR 2012-08-17 17:00:22,007 views 3084 3308 Cannot generate thumbnail: database is locked
INFO 2012-08-17 17:00:22,572 views 3084 928 load_photo
INFO 2012-08-17 17:00:22,572 views 3084 4616 load_photo
INFO 2012-08-17 17:00:22,835 views 3084 4292 load_photo
ERROR 2012-08-17 17:00:23,375 views 3084 2704 Cannot generate thumbnail: database is locked
INFO 2012-08-17 17:00:23,516 views 3084 1088 File saving done
INFO 2012-08-17 17:00:24,061 views 3084 3988 load_photo
ERROR 2012-08-17 17:00:25,540 views 3084 3668 Cannot generate thumbnail: database is locked
ERROR 2012-08-17 17:00:26,118 views 3084 3968 Cannot generate thumbnail: database is locked
INFO 2012-08-17 17:00:26,247 views 3084 3988 Got file: "IMG_0515_3.JPG"
ERROR 2012-08-17 17:00:26,558 views 3084 4792 Cannot generate thumbnail: database is locked
ERROR 2012-08-17 17:00:26,757 views 3084 708 Cannot generate thumbnail: database is locked
INFO 2012-08-17 17:00:27,661 views 3084 4292 Got file: "IMG_0515_2_2.JPG"
INFO 2012-08-17 17:00:29,118 views 3084 4292 File saving done
INFO 2012-08-17 17:00:30,710 views 3084 3988 File saving done
INFO 2012-08-17 17:00:53,500 views 3084 2640 load_photo
INFO 2012-08-17 17:00:53,694 views 3084 2640 Got file: "IMG_0515_3_1.JPG"
INFO 2012-08-17 17:00:53,950 views 3084 2640 File saving done
INFO 2012-08-17 17:02:50,108 views 3084 3932 load_photo
INFO 2012-08-17 17:02:50,164 views 3084 3932 Got file: "IMG_0515_3_1_2.JPG"
INFO 2012-08-17 17:02:50,250 views 3084 3932 File saving done
INFO 2012-08-17 17:03:19,335 views 3084 3052 load_photo
INFO 2012-08-17 17:03:19,372 views 3084 3052 Got file: "IMG_0517_4.JPG"
INFO 2012-08-17 17:03:19,430 views 3084 3052 File saving done
INFO 2012-08-17 17:04:03,049 views 3084 2852 load_photo
INFO 2012-08-17 17:04:03,111 views 3084 2852 Got file: "IMG_0515_3.JPG"
INFO 2012-08-17 17:04:03,279 views 3084 2852 File saving done
INFO 2012-08-17 17:04:26,611 views 3084 328 load_photo
INFO 2012-08-17 17:04:26,621 views 3084 1120 load_photo
INFO 2012-08-17 17:04:26,634 views 3084 1524 load_photo
INFO 2012-08-17 17:04:26,634 views 3084 4988 load_photo
INFO 2012-08-17 17:04:26,644 views 3084 2432 load_photo
INFO 2012-08-17 17:04:26,793 views 3084 1524 Got file: "IMG_0515_1_1_1.JPG"
INFO 2012-08-17 17:04:26,793 views 3084 4988 Got file: "IMG_0515_1_2.JPG"
INFO 2012-08-17 17:04:26,793 views 3084 2432 Got file: "IMG_0515_2.JPG"
INFO 2012-08-17 17:04:26,793 views 3084 328 Got file: "IMG_0515_1.JPG"
INFO 2012-08-17 17:04:26,803 views 3084 1120 Got file: "IMG_0515_1_1.JPG"
INFO 2012-08-17 17:04:26,953 views 3084 1120 File saving done
INFO 2012-08-17 17:04:27,437 views 3084 1524 File saving done
INFO 2012-08-17 17:04:28,249 views 3084 4988 File saving done
INFO 2012-08-17 17:04:30,003 views 3084 2432 File saving done
INFO 2012-08-17 17:04:52,167 views 3084 2244 load_photo
INFO 2012-08-17 17:04:52,323 views 3084 2244 Got file: "IMG_0515_1_1.JPG"
INFO 2012-08-17 17:04:52,421 views 3084 2244 File saving done
INFO 2012-08-17 17:05:57,517 views 3084 2944 load_photo
INFO 2012-08-17 17:05:57,548 views 3084 2944 Got file: "IMG_0515_2_1_4.JPG"
INFO 2012-08-17 17:05:57,663 views 3084 2944 File saving done
INFO 2012-08-17 17:06:03,115 views 3084 3564 load_photo
INFO 2012-08-17 17:06:03,150 views 3084 3564 Got file: "IMG_0515_3_1.JPG"
INFO 2012-08-17 17:06:03,305 views 3084 3564 File saving done
INFO 2012-08-17 17:06:08,618 views 3084 4984 load_photo
INFO 2012-08-17 17:06:08,654 views 3084 4984 Got file: "IMG_0515_1_1.JPG"
INFO 2012-08-17 17:06:08,757 views 3084 4984 File saving done
INFO 2012-08-17 17:06:17,007 views 3084 3088 load_photo
INFO 2012-08-17 17:06:17,017 views 3084 4088 load_photo
INFO 2012-08-17 17:06:17,030 views 3084 2644 load_photo
INFO 2012-08-17 17:06:17,032 views 3084 2944 load_photo
INFO 2012-08-17 17:06:17,036 views 3084 3480 load_photo
INFO 2012-08-17 17:06:17,036 views 3084 2336 load_photo
INFO 2012-08-17 17:06:17,036 views 3084 384 load_photo
INFO 2012-08-17 17:06:17,135 views 3084 4088 Got file: "980u_1.jpg"
INFO 2012-08-17 17:06:17,135 views 3084 3088 Got file: "980u.jpg"
INFO 2012-08-17 17:06:17,135 views 3084 2644 Got file: "980u_1_1.jpg"
INFO 2012-08-17 17:06:17,155 views 3084 384 Got file: "980u_2_1_1.jpg"
INFO 2012-08-17 17:06:17,187 views 3084 2944 Got file: "980u_2.jpg"
INFO 2012-08-17 17:06:17,197 views 3084 3480 Got file: "980u_2_1.jpg"
INFO 2012-08-17 17:06:17,200 views 3084 2336 Got file: "980u_2_1_1_1.jpg"
INFO 2012-08-17 17:06:17,362 views 3084 4088 File saving done
INFO 2012-08-17 17:06:17,510 views 3084 2944 File saving done
INFO 2012-08-17 17:06:17,696 views 3084 3480 File saving done
INFO 2012-08-17 17:06:17,872 views 3084 2336 File saving done
INFO 2012-08-17 17:06:18,591 views 3084 384 File saving done
INFO 2012-08-17 17:06:19,915 views 3084 2644 File saving done
INFO 2012-08-17 17:06:20,403 views 3084 3088 File saving done
INFO 2012-08-17 17:09:22,882 views 3084 2184 load_photo
INFO 2012-08-17 17:09:23,017 views 3084 2184 Got file: "IMG_0515_2_1_1_1.JPG"
INFO 2012-08-17 17:09:23,105 views 3084 2184 File saving done
INFO 2012-08-17 17:11:15,372 views 3084 3424 load_photo
INFO 2012-08-17 17:11:15,427 views 3084 3424 Got file: "IMG_0515_2.JPG"
INFO 2012-08-17 17:11:15,568 views 3084 3424 File saving done
INFO 2012-08-17 17:12:17,368 views 3084 4412 load_photo
INFO 2012-08-17 17:12:17,506 views 3084 4412 Got file: "IMG_0517_3_2.JPG"
INFO 2012-08-17 17:12:17,658 views 3084 4412 File saving done
INFO 2012-08-17 17:12:52,147 views 3084 4288 load_photo
INFO 2012-08-17 17:12:52,242 views 3084 4288 Got file: "IMG_0515_3_2.JPG"
INFO 2012-08-17 17:12:54,016 views 3084 4288 File saving done
INFO 2012-08-17 17:13:43,115 views 3084 3372 load_photo
INFO 2012-08-17 17:13:43,160 views 3084 3372 Got file: "IMG_0515_3_1.JPG"
INFO 2012-08-17 17:13:43,982 views 3084 3372 File saving done
INFO 2012-08-17 17:15:14,868 views 3084 3100 load_photo
INFO 2012-08-17 17:15:14,911 views 3084 3100 Got file: "IMG_0515_1_3.JPG"
INFO 2012-08-17 17:15:15,789 views 3084 3100 File saving done
INFO 2012-08-17 17:17:54,572 views 3084 3372 load_photo
INFO 2012-08-17 17:17:54,604 views 3084 3372 Got file: "IMG_16082012_175902.png"
INFO 2012-08-17 17:17:54,826 views 3084 3372 File saving done
INFO 2012-08-17 17:18:49,869 views 3084 4892 load_photo
INFO 2012-08-17 17:18:49,880 views 3084 4892 Got file: "IMG_16082012_175902.png"
INFO 2012-08-17 17:18:50,002 views 3084 4892 File saving done
INFO 2012-08-17 17:20:59,857 views 3084 3896 load_photo
INFO 2012-08-17 17:20:59,868 views 3084 3896 Got file: "IMG_16082012_175902.png"
INFO 2012-08-17 17:20:59,959 views 3084 3896 File saving done
INFO 2012-08-17 17:21:04,607 views 3084 1156 load_photo
INFO 2012-08-17 17:21:04,617 views 3084 1156 Got file: "IMG_16082012_175902.png"
INFO 2012-08-17 17:21:04,707 views 3084 1156 File saving done
INFO 2012-08-17 17:21:31,911 views 3084 2844 load_photo
INFO 2012-08-17 17:21:31,911 views 3084 2752 load_photo
INFO 2012-08-17 17:21:31,911 views 3084 4980 load_photo
INFO 2012-08-17 17:21:31,951 views 3084 2844 Got file: "980u_3.jpg"
INFO 2012-08-17 17:21:31,954 views 3084 4980 Got file: "980u_3_1_1.jpg"
INFO 2012-08-17 17:21:31,954 views 3084 2752 Got file: "980u_3_1.jpg"
INFO 2012-08-17 17:21:32,032 views 3084 2844 File saving done
INFO 2012-08-17 17:21:32,207 views 3084 2752 File saving done
INFO 2012-08-17 17:21:33,430 views 3084 4980 File saving done
INFO 2012-08-17 17:29:40,532 views 3084 416 load_photo
INFO 2012-08-17 17:29:40,677 views 3084 416 Got file: "980u_3.jpg"
INFO 2012-08-17 17:29:41,111 views 3084 416 File saving done
INFO 2012-08-17 17:29:50,450 views 3084 3700 load_photo
INFO 2012-08-17 17:29:50,450 views 3084 3984 load_photo
INFO 2012-08-17 17:29:50,460 views 3084 3916 load_photo
INFO 2012-08-17 17:29:50,476 views 3084 3240 load_photo
INFO 2012-08-17 17:29:50,476 views 3084 2852 load_photo
INFO 2012-08-17 17:29:50,476 views 3084 4572 load_photo
INFO 2012-08-17 17:29:50,568 views 3084 3972 load_photo
INFO 2012-08-17 17:29:50,598 views 3084 3844 load_photo
INFO 2012-08-17 17:29:50,598 views 3084 3992 load_photo
INFO 2012-08-17 17:29:50,598 views 3084 160 load_photo
INFO 2012-08-17 17:29:50,598 views 3084 940 load_photo
INFO 2012-08-17 17:29:50,598 views 3084 4032 load_photo
INFO 2012-08-17 17:29:50,598 views 3084 1940 load_photo
INFO 2012-08-17 17:29:50,598 views 3084 3372 load_photo
INFO 2012-08-17 17:29:50,598 views 3084 1084 load_photo
INFO 2012-08-17 17:29:50,598 views 3084 5012 load_photo
INFO 2012-08-17 17:29:50,740 views 3084 4572 Got file: "980u_2_2_3_1.jpg"
INFO 2012-08-17 17:29:50,740 views 3084 2852 Got file: "980u_2_2_4.jpg"
INFO 2012-08-17 17:29:50,740 views 3084 3700 Got file: "980u_2_2_1_1.jpg"
INFO 2012-08-17 17:29:50,740 views 3084 3984 Got file: "980u_2_2_2.jpg"
INFO 2012-08-17 17:29:50,740 views 3084 3916 Got file: "980u_2_2_2_1.jpg"
INFO 2012-08-17 17:29:50,740 views 3084 3240 Got file: "980u_2_2_3.jpg"
INFO 2012-08-17 17:29:50,763 views 3084 3972 Got file: "980u_2_3.jpg"
INFO 2012-08-17 17:29:50,766 views 3084 3992 Got file: "980u_2_5.jpg"
INFO 2012-08-17 17:29:50,815 views 3084 4572 File saving done
INFO 2012-08-17 17:29:50,822 views 3084 3844 Got file: "980u_2_4.jpg"
INFO 2012-08-17 17:29:50,828 views 3084 1084 Got file: "980u_3_2.jpg"
INFO 2012-08-17 17:29:50,828 views 3084 940 Got file: "980u_3.jpg"
INFO 2012-08-17 17:29:50,831 views 3084 4032 Got file: "980u_3_1.jpg"
INFO 2012-08-17 17:29:50,828 views 3084 160 Got file: "980u_2_3_1.jpg"
INFO 2012-08-17 17:29:50,831 views 3084 3372 Got file: "980u_3_1_2.jpg"
INFO 2012-08-17 17:29:50,831 views 3084 1940 Got file: "980u_3_1_1_1.jpg"
INFO 2012-08-17 17:29:50,831 views 3084 5012 Got file: "980u_3_1_1.jpg"
INFO 2012-08-17 17:29:50,976 views 3084 3992 File saving done
INFO 2012-08-17 17:29:51,121 views 3084 3700 File saving done
INFO 2012-08-17 17:29:51,308 views 3084 3972 File saving done
INFO 2012-08-17 17:29:51,456 views 3084 3844 File saving done
INFO 2012-08-17 17:29:51,625 views 3084 3916 File saving done
INFO 2012-08-17 17:29:51,921 views 3084 1084 File saving done
INFO 2012-08-17 17:29:52,085 views 3084 1940 File saving done
INFO 2012-08-17 17:29:53,071 views 3084 2852 File saving done
INFO 2012-08-17 17:29:53,463 views 3084 3984 File saving done
INFO 2012-08-17 17:29:54,318 views 3084 1524 load_photo
INFO 2012-08-17 17:29:54,348 views 3084 1524 Got file: "980u_3_3.jpg"
INFO 2012-08-17 17:29:54,483 views 3084 1524 File saving done
INFO 2012-08-17 17:29:55,551 views 3084 2924 load_photo
INFO 2012-08-17 17:29:55,568 views 3084 2924 Got file: "980u_3_4.jpg"
INFO 2012-08-17 17:29:56,421 views 3084 2872 load_photo
INFO 2012-08-17 17:29:56,436 views 3084 2872 Got file: "980u_4.jpg"
INFO 2012-08-17 17:29:56,848 views 3084 2872 File saving done
INFO 2012-08-17 17:29:57,378 views 3084 3116 load_photo
INFO 2012-08-17 17:29:57,391 views 3084 3116 Got file: "980u_5.jpg"
ERROR 2012-08-17 17:29:57,440 views 3084 4572 Cannot generate thumbnail: database is locked
INFO 2012-08-17 17:29:57,483 views 3084 3200 load_photo
INFO 2012-08-17 17:29:57,552 views 3084 3200 Got file: "IMG_0515.JPG"
INFO 2012-08-17 17:29:57,811 views 3084 3796 load_photo
INFO 2012-08-17 17:29:57,851 views 3084 3796 Got file: "IMG_0515_1.JPG"
INFO 2012-08-17 17:29:58,105 views 3084 3796 File saving done
INFO 2012-08-17 17:29:58,581 views 3084 3200 File saving done
INFO 2012-08-17 17:29:59,375 views 3084 3632 load_photo
INFO 2012-08-17 17:29:59,395 views 3084 3632 Got file: "IMG_0515_1_1.JPG"
INFO 2012-08-17 17:30:00,125 views 3084 4660 load_photo
ERROR 2012-08-17 17:30:00,207 views 3084 1524 Cannot generate thumbnail: database is locked
INFO 2012-08-17 17:30:00,280 views 3084 4660 Got file: "IMG_0515_1_1_1.JPG"
INFO 2012-08-17 17:30:00,296 views 3084 4176 load_photo
INFO 2012-08-17 17:30:00,312 views 3084 4176 Got file: "IMG_0515_1_1_1_1.JPG"
ERROR 2012-08-17 17:30:00,798 views 3084 3984 Cannot generate thumbnail: database is locked
INFO 2012-08-17 17:30:00,901 views 3084 3632 File saving done
ERROR 2012-08-17 17:30:01,815 views 3084 1084 Cannot generate thumbnail: database is locked
INFO 2012-08-17 17:30:02,068 views 3084 4660 File saving done
ERROR 2012-08-17 17:30:02,528 views 3084 3916 Cannot generate thumbnail: database is locked
INFO 2012-08-17 17:30:02,618 views 3084 4176 File saving done
INFO 2012-08-17 17:31:56,013 views 3084 3492 load_photo
INFO 2012-08-17 17:31:56,023 views 3084 3492 Got file: "IMG_16082012_175902.png"
INFO 2012-08-17 17:31:56,365 views 3084 3492 File saving done
INFO 2012-08-17 17:36:49,200 views 3084 4360 load_photo
INFO 2012-08-17 17:36:49,211 views 3084 4360 Got file: "IMG_16082012_175902.png"
INFO 2012-08-17 17:36:49,285 views 3084 4360 File saving done
INFO 2012-08-17 17:36:58,734 views 3084 2544 load_photo
INFO 2012-08-17 17:36:58,744 views 3084 2544 Got file: "IMG_16082012_175902.png"
INFO 2012-08-17 17:36:58,822 views 3084 2544 File saving done
INFO 2012-08-17 17:37:54,720 views 3084 3916 load_photo
INFO 2012-08-17 17:37:54,730 views 3084 3916 Got file: "IMG_16082012_175902.png"
INFO 2012-08-17 17:37:54,788 views 3084 3916 File saving done
INFO 2012-08-17 17:38:01,786 views 3084 4120 load_photo
INFO 2012-08-17 17:38:01,796 views 3084 4120 Got file: "IMG_16082012_175902.png"
INFO 2012-08-17 17:38:01,926 views 3084 4120 File saving done
INFO 2012-08-17 17:39:34,065 views 3084 2168 load_photo
INFO 2012-08-17 17:39:34,075 views 3084 2168 Got file: "IMG_16082012_175902.png"
INFO 2012-08-17 17:39:34,246 views 3084 2168 File saving done
INFO 2012-08-17 17:40:10,015 views 3084 3464 load_photo
INFO 2012-08-17 17:40:10,025 views 3084 3464 Got file: "IMG_16082012_175902.png"
INFO 2012-08-17 17:40:10,184 views 3084 3464 File saving done
INFO 2012-08-17 17:40:17,755 views 3084 3356 load_photo
INFO 2012-08-17 17:40:17,769 views 3084 3356 Got file: "IMG_16082012_175902.png"
INFO 2012-08-17 17:40:17,819 views 3084 3356 File saving done
INFO 2012-08-17 17:40:51,312 views 3084 3572 load_photo
INFO 2012-08-17 17:40:51,351 views 3084 3572 Got file: "IMG_16082012_175902.png"
INFO 2012-08-17 17:40:51,713 views 3084 3572 File saving done
INFO 2012-08-17 17:41:06,950 views 3084 2900 load_photo
INFO 2012-08-17 17:41:06,960 views 3084 2900 Got file: "IMG_16082012_175902.png"
INFO 2012-08-17 17:41:07,009 views 3084 2900 File saving done
INFO 2012-08-17 17:41:10,315 views 3084 4372 load_photo
INFO 2012-08-17 17:41:10,328 views 3084 4372 Got file: "IMG_16082012_175902.png"
INFO 2012-08-17 17:41:10,374 views 3084 4372 File saving done
INFO 2012-08-17 17:41:15,331 views 3084 4436 load_photo
INFO 2012-08-17 17:41:15,344 views 3084 4436 Got file: "IMG_16082012_175902.png"
INFO 2012-08-17 17:41:15,426 views 3084 4436 File saving done
INFO 2012-08-17 17:41:22,348 views 3084 1120 load_photo
INFO 2012-08-17 17:41:22,361 views 3084 1120 Got file: "IMG_16082012_175902.png"
INFO 2012-08-17 17:41:22,414 views 3084 1120 File saving done
INFO 2012-08-17 17:41:30,444 views 3084 1656 load_photo
INFO 2012-08-17 17:41:30,453 views 3084 1656 Got file: "IMG_16082012_175902.png"
INFO 2012-08-17 17:41:30,506 views 3084 1656 File saving done
INFO 2012-08-17 17:41:34,915 views 3084 5084 load_photo
INFO 2012-08-17 17:41:34,928 views 3084 5084 Got file: "IMG_16082012_175902.png"
INFO 2012-08-17 17:41:34,979 views 3084 5084 File saving done
INFO 2012-08-17 17:49:39,148 views 3084 5084 load_photo
INFO 2012-08-17 17:49:39,158 views 3084 5084 Got file: "IMG_16082012_175902.png"
INFO 2012-08-17 17:49:39,513 views 3084 5084 File saving done
INFO 2012-08-17 17:50:59,937 views 3084 2588 load_photo
INFO 2012-08-17 17:50:59,948 views 3084 2588 Got file: "IMG_16082012_175902.png"
INFO 2012-08-17 17:51:00,026 views 3084 2588 File saving done
INFO 2012-08-17 17:51:53,789 views 3084 1352 load_photo
INFO 2012-08-17 17:51:53,799 views 3084 1352 Got file: "IMG_16082012_175902.png"
INFO 2012-08-17 17:51:53,839 views 3084 1352 File saving done
INFO 2012-08-17 17:52:15,611 views 3084 2844 load_photo
INFO 2012-08-17 17:52:15,621 views 3084 2844 Got file: "IMG_16082012_175902.png"
INFO 2012-08-17 17:52:15,845 views 3084 2844 File saving done
INFO 2012-08-17 17:52:31,061 views 3084 3380 load_photo
INFO 2012-08-17 17:52:31,073 views 3084 3380 Got file: "IMG_16082012_175902.png"
INFO 2012-08-17 17:52:31,141 views 3084 3380 File saving done
INFO 2012-08-17 17:54:00,125 views 1088 2964 load_photo
INFO 2012-08-17 17:54:00,138 views 1088 2964 Got file: "IMG_16082012_175902.png"
INFO 2012-08-17 17:54:00,318 views 1088 2964 File saving done
INFO 2012-08-17 17:54:24,348 views 1088 1640 load_photo
INFO 2012-08-17 17:54:24,358 views 1088 1640 Got file: "IMG_16082012_175902.png"
INFO 2012-08-17 17:54:24,405 views 1088 1640 File saving done
INFO 2012-08-17 17:54:30,278 views 1088 2708 load_photo
INFO 2012-08-17 17:54:30,290 views 1088 2708 Got file: "IMG_16082012_175902.png"
INFO 2012-08-17 17:54:30,345 views 1088 2708 File saving done
INFO 2012-08-17 17:54:35,167 views 1088 1952 load_photo
INFO 2012-08-17 17:54:35,177 views 1088 1952 Got file: "IMG_16082012_175902.png"
INFO 2012-08-17 17:54:35,352 views 1088 1952 File saving done
INFO 2012-08-17 17:54:40,592 views 1088 4784 load_photo
INFO 2012-08-17 17:54:40,605 views 1088 4784 Got file: "IMG_16082012_175902.png"
INFO 2012-08-17 17:54:40,676 views 1088 4784 File saving done
INFO 2012-08-17 17:57:22,851 views 1088 2676 load_photo
INFO 2012-08-17 17:57:22,861 views 1088 2676 Got file: "IMG_16082012_175902.png"
INFO 2012-08-17 17:57:23,030 views 1088 2676 File saving done
INFO 2012-08-17 17:57:29,532 views 1088 912 load_photo
INFO 2012-08-17 17:57:29,542 views 1088 912 Got file: "IMG_16082012_175902.png"
INFO 2012-08-17 17:57:29,588 views 1088 912 File saving done
INFO 2012-08-17 17:57:34,145 views 1088 3532 load_photo
INFO 2012-08-17 17:57:34,155 views 1088 3532 Got file: "IMG_16082012_175902.png"
INFO 2012-08-17 17:57:34,301 views 1088 3532 File saving done
INFO 2012-08-17 17:57:47,848 views 1088 2924 load_photo
INFO 2012-08-17 17:57:47,858 views 1088 2924 Got file: "IMG_16082012_175902.png"
INFO 2012-08-17 17:57:47,918 views 1088 2924 File saving done
INFO 2012-08-17 17:57:51,710 views 1088 5088 load_photo
INFO 2012-08-17 17:57:51,723 views 1088 5088 Got file: "IMG_16082012_175902.png"
INFO 2012-08-17 17:57:51,865 views 1088 5088 File saving done
INFO 2012-08-17 17:57:55,427 views 1088 3380 load_photo
INFO 2012-08-17 17:57:55,447 views 1088 3380 Got file: "IMG_16082012_175902.png"
INFO 2012-08-17 17:57:55,542 views 1088 3380 File saving done
INFO 2012-08-17 17:59:41,184 views 1088 5080 load_photo
INFO 2012-08-17 17:59:41,194 views 1088 5080 Got file: "IMG_16082012_175902.png"
INFO 2012-08-17 17:59:41,276 views 1088 5080 File saving done
INFO 2012-08-17 17:59:44,848 views 1088 4128 load_photo
INFO 2012-08-17 17:59:44,858 views 1088 4128 Got file: "IMG_16082012_175902.png"
INFO 2012-08-17 17:59:44,963 views 1088 4128 File saving done
INFO 2012-08-17 17:59:48,447 views 1088 3116 load_photo
INFO 2012-08-17 17:59:48,457 views 1088 3116 Got file: "IMG_16082012_175902.png"
INFO 2012-08-17 17:59:48,644 views 1088 3116 File saving done
INFO 2012-08-17 17:59:52,289 views 1088 4832 load_photo
INFO 2012-08-17 17:59:52,302 views 1088 4832 Got file: "IMG_16082012_175902.png"
INFO 2012-08-17 17:59:52,346 views 1088 4832 File saving done
INFO 2012-08-17 18:00:20,101 views 1088 2872 load_photo
INFO 2012-08-17 18:00:20,115 views 1088 2872 Got file: "IMG_16082012_175902.png"
INFO 2012-08-17 18:00:20,157 views 1088 2872 File saving done
INFO 2012-08-17 18:01:25,631 views 1088 2904 load_photo
INFO 2012-08-17 18:01:25,641 views 1088 2904 Got file: "IMG_16082012_175902.png"
INFO 2012-08-17 18:01:25,782 views 1088 2904 File saving done
INFO 2012-08-17 18:01:36,638 views 1088 4128 load_photo
INFO 2012-08-17 18:01:36,648 views 1088 4128 Got file: "IMG_16082012_175902.png"
INFO 2012-08-17 18:01:36,700 views 1088 4128 File saving done
INFO 2012-08-17 18:01:39,970 views 1088 3892 load_photo
INFO 2012-08-17 18:01:39,980 views 1088 3892 Got file: "IMG_16082012_175902.png"
INFO 2012-08-17 18:01:40,141 views 1088 3892 File saving done
INFO 2012-08-17 18:01:43,101 views 1088 4460 load_photo
INFO 2012-08-17 18:01:43,111 views 1088 4460 Got file: "IMG_16082012_175902.png"
INFO 2012-08-17 18:01:43,161 views 1088 4460 File saving done
INFO 2012-08-20 13:21:05,721 views 1444 3856 load_photo
INFO 2012-08-20 13:21:05,746 views 1444 3856 Got file: "IMG_16082012_175902.png"
INFO 2012-08-20 13:21:05,927 views 1444 3856 File saving done
INFO 2012-08-20 13:21:10,982 views 1444 1296 load_photo
INFO 2012-08-20 13:21:11,019 views 1444 1296 Got file: "IMG_16082012_175902.png"
INFO 2012-08-20 13:21:11,059 views 1444 1296 File saving done
INFO 2012-08-20 13:22:17,042 views 1444 3788 load_photo
INFO 2012-08-20 13:22:17,157 views 1444 3788 Got file: "4572w (2).jpg"
INFO 2012-08-20 13:22:17,207 views 1444 3788 File saving done
INFO 2012-08-20 13:22:24,747 views 1444 4264 load_photo
INFO 2012-08-20 13:22:24,798 views 1444 4264 Got file: "IMG_0531.JPG"
INFO 2012-08-20 13:22:24,848 views 1444 4264 File saving done
INFO 2012-08-20 13:23:21,743 views 1444 3856 load_photo
INFO 2012-08-20 13:23:21,908 views 1444 3856 Got file: "IMG_0537.JPG"
INFO 2012-08-20 13:23:21,963 views 1444 3856 File saving done
INFO 2012-08-20 13:23:29,282 views 1444 3760 load_photo
INFO 2012-08-20 13:23:29,316 views 1444 3760 Got file: "4572w (2).jpg"
INFO 2012-08-20 13:23:29,513 views 1444 3760 File saving done
INFO 2012-08-20 13:25:16,487 views 1444 4672 load_photo
INFO 2012-08-20 13:25:16,555 views 1444 4672 Got file: "IMG_0535.JPG"
INFO 2012-08-20 13:25:16,608 views 1444 4672 File saving done
INFO 2012-08-20 13:25:21,808 views 1444 2364 load_photo
INFO 2012-08-20 13:25:21,858 views 1444 2364 Got file: "IMG_0537.JPG"
INFO 2012-08-20 13:25:21,911 views 1444 2364 File saving done
INFO 2012-08-20 13:26:29,533 views 1444 3188 load_photo
INFO 2012-08-20 13:26:29,572 views 1444 3188 Got file: "IMG_0535.JPG"
INFO 2012-08-20 13:26:29,618 views 1444 3188 File saving done
INFO 2012-08-20 13:26:33,542 views 1444 2884 load_photo
INFO 2012-08-20 13:26:33,582 views 1444 2884 Got file: "4572w (2).jpg"
INFO 2012-08-20 13:26:34,082 views 1444 2884 File saving done
INFO 2012-08-20 13:27:48,322 views 1444 3224 load_photo
INFO 2012-08-20 13:27:48,375 views 1444 3224 Got file: "4572w (2).jpg"
INFO 2012-08-20 13:27:48,568 views 1444 3224 File saving done
INFO 2012-08-20 13:27:50,538 views 1444 4480 load_photo
INFO 2012-08-20 13:27:50,609 views 1444 4480 Got file: "IMG_0531.JPG"
INFO 2012-08-20 13:27:50,677 views 1444 4480 File saving done
INFO 2012-08-20 13:27:54,598 views 1444 4264 load_photo
INFO 2012-08-20 13:27:54,611 views 1444 4264 Got file: "z_5a1ac8d7.jpg"
INFO 2012-08-20 13:27:54,661 views 1444 4264 File saving done
INFO 2012-08-20 13:29:42,417 views 1444 5064 load_photo
INFO 2012-08-20 13:29:42,470 views 1444 5064 Got file: "IMG_0531.JPG"
INFO 2012-08-20 13:29:42,582 views 1444 5064 File saving done
INFO 2012-08-20 13:29:44,101 views 1444 3480 load_photo
INFO 2012-08-20 13:29:44,127 views 1444 3480 Got file: "z_5a1ac8d7.jpg"
INFO 2012-08-20 13:29:44,184 views 1444 3480 File saving done
INFO 2012-08-20 13:29:46,921 views 1444 2676 load_photo
INFO 2012-08-20 13:29:46,974 views 1444 2676 Got file: "IMG_0531.JPG"
INFO 2012-08-20 13:29:47,167 views 1444 2676 File saving done
INFO 2012-08-20 13:29:53,680 views 1444 4024 load_photo
INFO 2012-08-20 13:29:53,809 views 1444 4024 Got file: "IMG_0547.JPG"
INFO 2012-08-20 13:29:53,859 views 1444 4024 File saving done
INFO 2012-08-20 13:29:58,552 views 1444 2556 load_photo
INFO 2012-08-20 13:29:58,601 views 1444 2556 Got file: "IMG_0524.JPG"
INFO 2012-08-20 13:29:58,990 views 1444 2556 File saving done
INFO 2012-08-20 13:30:07,734 views 1444 4392 load_photo
INFO 2012-08-20 13:30:07,744 views 1444 4392 Got file: "IMG_16082012_175902.png"
INFO 2012-08-20 13:30:07,815 views 1444 4392 File saving done
INFO 2012-08-20 13:39:26,296 views 1444 4100 load_photo
INFO 2012-08-20 13:39:26,308 views 1444 4100 Got file: "IMG_16082012_175902.png"
INFO 2012-08-20 13:39:26,457 views 1444 4100 File saving done
INFO 2012-08-20 13:39:32,368 views 1444 4884 load_photo
INFO 2012-08-20 13:39:32,421 views 1444 4884 Got file: "IMG_0504.JPG"
INFO 2012-08-20 13:39:32,598 views 1444 4884 File saving done
INFO 2012-08-20 13:39:34,486 views 1444 4928 load_photo
INFO 2012-08-20 13:39:34,520 views 1444 4928 Got file: "x_e9967041.jpg"
INFO 2012-08-20 13:39:34,697 views 1444 4928 File saving done
INFO 2012-08-20 13:39:37,282 views 1444 2644 load_photo
INFO 2012-08-20 13:39:37,335 views 1444 2644 Got file: "980u.jpg"
INFO 2012-08-20 13:39:37,530 views 1444 2644 File saving done
INFO 2012-08-20 13:51:00,717 views 1444 3488 load_photo
INFO 2012-08-20 13:51:00,776 views 1444 3488 Got file: "IMG_0515.JPG"
INFO 2012-08-20 13:51:01,075 views 1444 3488 File saving done
INFO 2012-08-20 13:51:03,048 views 1444 1276 load_photo
INFO 2012-08-20 13:51:03,058 views 1444 1276 Got file: "x_e9967041.jpg"
INFO 2012-08-20 13:51:03,246 views 1444 1276 File saving done
INFO 2012-08-20 13:51:06,016 views 1444 4420 load_photo
INFO 2012-08-20 13:51:06,065 views 1444 4420 Got file: "980u.jpg"
INFO 2012-08-20 13:51:06,176 views 1444 4420 File saving done
INFO 2012-08-20 14:08:02,681 views 1444 4836 load_photo
INFO 2012-08-20 14:08:02,732 views 1444 4836 Got file: "IMG_16082012_175902.png"
INFO 2012-08-20 14:08:02,921 views 1444 4836 File saving done
INFO 2012-08-20 14:08:07,026 views 1444 1220 load_photo
INFO 2012-08-20 14:08:07,072 views 1444 1220 Got file: "IMG_0547.JPG"
INFO 2012-08-20 14:08:07,259 views 1444 1220 File saving done
INFO 2012-08-20 14:08:09,394 views 1444 2704 load_photo
INFO 2012-08-20 14:08:09,500 views 1444 2704 Got file: "IMG_0504.JPG"
INFO 2012-08-20 14:08:09,546 views 1444 2704 File saving done
INFO 2012-08-20 14:08:11,367 views 1444 4992 load_photo
INFO 2012-08-20 14:08:11,420 views 1444 4992 Got file: "IMG_0504.JPG"
INFO 2012-08-20 14:08:11,921 views 1444 4992 File saving done
INFO 2012-08-20 14:08:14,506 views 1444 3532 load_photo
INFO 2012-08-20 14:08:14,512 views 1444 3532 Got file: "091212sb030.jpg"
INFO 2012-08-20 14:08:14,575 views 1444 3532 File saving done
INFO 2012-08-20 14:08:17,009 views 1444 4848 load_photo
INFO 2012-08-20 14:08:17,019 views 1444 4848 Got file: "y_d15d2bd8.jpg"
INFO 2012-08-20 14:08:17,160 views 1444 4848 File saving done
INFO 2012-08-20 14:10:19,926 views 1444 3600 load_photo
INFO 2012-08-20 14:10:20,006 views 1444 3600 Got file: "IMG_0515.JPG"
INFO 2012-08-20 14:10:20,144 views 1444 3600 File saving done
INFO 2012-08-20 14:10:24,020 views 1444 2608 load_photo
INFO 2012-08-20 14:10:24,065 views 1444 2608 Got file: "980u.jpg"
INFO 2012-08-20 14:10:24,223 views 1444 2608 File saving done
INFO 2012-08-20 14:10:27,365 views 1444 3144 load_photo
INFO 2012-08-20 14:10:27,426 views 1444 3144 Got file: "IMG_0520.JPG"
INFO 2012-08-20 14:10:27,470 views 1444 3144 File saving done
INFO 2012-08-20 14:28:08,502 views 4660 3204 load_photo
INFO 2012-08-20 14:28:08,562 views 4660 3204 Got file: "IMG_0513.JPG"
INFO 2012-08-20 14:28:08,674 views 4660 3204 File saving done
INFO 2012-08-20 14:35:17,763 views 4792 3748 load_photo
INFO 2012-08-20 14:35:17,825 views 4792 3748 Got file: "IMG_0513.JPG"
INFO 2012-08-20 14:35:17,908 views 4792 3748 File saving done
INFO 2012-08-20 14:37:19,588 views 2088 4820 load_photo
INFO 2012-08-20 14:37:19,638 views 2088 4820 Got file: "IMG_0515.JPG"
INFO 2012-08-20 14:37:19,700 views 2088 4820 File saving done
INFO 2012-08-20 14:37:37,286 views 2088 4716 load_photo
INFO 2012-08-20 14:37:37,351 views 2088 4716 Got file: "IMG_0519.JPG"
INFO 2012-08-20 14:37:37,405 views 2088 4716 File saving done
INFO 2012-08-20 14:38:50,844 views 2088 5004 load_photo
INFO 2012-08-20 14:38:50,907 views 2088 5004 Got file: "IMG_0514.JPG"
INFO 2012-08-20 14:38:51,039 views 2088 5004 File saving done
INFO 2012-08-20 14:41:22,918 views 2088 4404 load_photo
INFO 2012-08-20 14:41:22,967 views 2088 4404 Got file: "IMG_0515.JPG"
INFO 2012-08-20 14:41:23,049 views 2088 4404 File saving done
INFO 2012-08-20 14:43:25,631 views 3144 4636 load_photo
INFO 2012-08-20 14:43:25,690 views 3144 4636 Got file: "IMG_0517.JPG"
INFO 2012-08-20 14:43:26,165 views 3144 4636 File saving done
INFO 2012-08-20 14:43:36,671 views 3144 5004 load_photo
INFO 2012-08-20 14:43:36,729 views 3144 5004 Got file: "IMG_0504.JPG"
INFO 2012-08-20 14:43:36,884 views 3144 5004 File saving done
INFO 2012-08-20 14:43:39,178 views 3144 4212 load_photo
INFO 2012-08-20 14:43:39,194 views 3144 4212 Got file: "091212sb030.jpg"
INFO 2012-08-20 14:43:39,236 views 3144 4212 File saving done
INFO 2012-08-20 14:43:49,671 views 3144 972 load_photo
INFO 2012-08-20 14:43:49,680 views 3144 972 Got file: "091212sb030.jpg"
INFO 2012-08-20 14:43:49,848 views 3144 972 File saving done
INFO 2012-08-20 14:47:37,859 views 4500 3852 load_photo
INFO 2012-08-20 14:47:37,911 views 4500 3852 Got file: "IMG_0519.JPG"
INFO 2012-08-20 14:47:37,954 views 4500 3852 File saving done
INFO 2012-08-20 14:48:47,173 views 4500 4964 load_photo
INFO 2012-08-20 14:48:47,226 views 4500 4964 Got file: "IMG_0518.JPG"
INFO 2012-08-20 14:48:47,375 views 4500 4964 File saving done
INFO 2012-08-20 15:12:52,030 views 4500 2812 load_photo
INFO 2012-08-20 15:12:52,085 views 4500 2812 Got file: "IMG_0504.JPG"
INFO 2012-08-20 15:12:52,132 views 4500 2812 File saving done
INFO 2012-08-20 15:13:25,601 views 4500 6056 load_photo
INFO 2012-08-20 15:13:25,686 views 4500 6056 Got file: "IMG_0515.JPG"
INFO 2012-08-20 15:13:25,746 views 4500 6056 File saving done
INFO 2012-08-20 15:14:29,224 views 4500 6004 load_photo
INFO 2012-08-20 15:14:29,269 views 4500 6004 Got file: "IMG_0518.JPG"
INFO 2012-08-20 15:14:29,450 views 4500 6004 File saving done
INFO 2012-08-20 15:16:34,323 views 680 1356 load_photo
INFO 2012-08-20 15:16:34,388 views 680 1356 Got file: "IMG_0518.JPG"
INFO 2012-08-20 15:16:34,437 views 680 1356 File saving done
INFO 2012-08-20 15:17:12,404 views 900 2240 load_photo
INFO 2012-08-20 15:17:12,441 views 900 2240 Got file: "IMG_0506.JPG"
INFO 2012-08-20 15:17:12,627 views 900 2240 File saving done
INFO 2012-08-20 15:17:51,102 views 6124 3444 load_photo
INFO 2012-08-20 15:17:51,200 views 6124 3444 Got file: "IMG_0514.JPG"
INFO 2012-08-20 15:17:51,263 views 6124 3444 File saving done
INFO 2012-08-20 15:18:17,220 views 4720 4536 load_photo
INFO 2012-08-20 15:18:17,328 views 4720 4536 Got file: "IMG_0513.JPG"
INFO 2012-08-20 15:18:17,513 views 4720 4536 File saving done
INFO 2012-08-20 15:21:46,575 views 2420 4128 load_photo
INFO 2012-08-20 15:21:46,706 views 2420 4128 Got file: "IMG_0506.JPG"
INFO 2012-08-20 15:21:46,759 views 2420 4128 File saving done
INFO 2012-08-20 15:36:19,864 views 6068 2228 load_photo
INFO 2012-08-20 15:36:19,877 views 6068 2228 Got file: "IMG_16082012_175902.png"
INFO 2012-08-20 15:36:20,072 views 6068 2228 File saving done
INFO 2012-08-20 15:38:57,664 views 6068 1124 load_photo
INFO 2012-08-20 15:38:57,677 views 6068 1124 Got file: "IMG_16082012_175902.png"
INFO 2012-08-20 15:38:57,857 views 6068 1124 File saving done
INFO 2012-08-20 15:43:24,206 views 6068 4012 load_photo
INFO 2012-08-20 15:43:24,216 views 6068 4012 Got file: "IMG_16082012_175902.png"
INFO 2012-08-20 15:43:24,269 views 6068 4012 File saving done
INFO 2012-08-20 15:43:49,082 views 6068 3576 load_photo
INFO 2012-08-20 15:43:49,092 views 6068 3576 Got file: "IMG_16082012_175902.png"
INFO 2012-08-20 15:43:49,246 views 6068 3576 File saving done
INFO 2012-08-20 15:45:42,403 views 6068 4344 load_photo
INFO 2012-08-20 15:45:42,413 views 6068 4344 Got file: "IMG_16082012_175902.png"
INFO 2012-08-20 15:45:42,460 views 6068 4344 File saving done
INFO 2012-08-20 15:45:52,950 views 6068 3352 load_photo
INFO 2012-08-20 15:45:53,138 views 6068 3352 Got file: "IMG_0504.JPG"
INFO 2012-08-20 15:45:53,186 views 6068 3352 File saving done
INFO 2012-08-20 15:47:24,562 views 6068 5380 load_photo
INFO 2012-08-20 15:47:24,605 views 6068 5380 Got file: "IMG_0519.JPG"
INFO 2012-08-20 15:47:24,720 views 6068 5380 File saving done
INFO 2012-08-20 15:47:30,381 views 6068 1380 load_photo
INFO 2012-08-20 15:47:30,390 views 6068 1380 Got file: "091212sb030.jpg"
INFO 2012-08-20 15:47:30,596 views 6068 1380 File saving done
INFO 2012-08-20 15:49:37,973 views 6068 3784 load_photo
INFO 2012-08-20 15:49:38,016 views 6068 3784 Got file: "IMG_0547.JPG"
INFO 2012-08-20 15:49:38,072 views 6068 3784 File saving done
INFO 2012-08-20 18:34:17,384 views 5492 3984 load_photo
INFO 2012-08-20 18:34:27,145 views 5492 5520 load_photo
INFO 2012-08-20 18:34:27,301 views 5492 5520 Got file: "IMG_0547.JPG"
INFO 2012-08-20 18:34:27,345 views 5492 5520 File saving done
INFO 2012-08-20 18:38:07,540 views 3152 5344 load_photo
INFO 2012-08-20 18:38:24,207 views 3152 3752 load_photo
INFO 2012-08-20 18:38:24,256 views 3152 3752 Got file: "IMG_0547.JPG"
INFO 2012-08-20 18:38:24,313 views 3152 3752 File saving done
INFO 2012-08-20 18:39:52,961 views 1232 3216 load_photo
INFO 2012-08-20 18:39:53,012 views 1232 3216 Got file: "IMG_0547.JPG"
INFO 2012-08-20 18:39:53,056 views 1232 3216 File saving done
INFO 2012-08-20 18:51:57,216 views 3784 5520 load_photo
INFO 2012-08-20 18:51:57,234 views 3784 5520 Got file: "IMG_0547.JPG"
INFO 2012-08-20 18:51:57,276 views 3784 5520 File saving done
INFO 2012-08-20 18:52:53,700 views 4004 3636 load_photo
INFO 2012-08-20 18:52:53,749 views 4004 3636 Got file: "IMG_0547.JPG"
INFO 2012-08-20 18:52:53,795 views 4004 3636 File saving done
INFO 2012-08-20 18:54:13,177 views 4940 3428 load_photo
INFO 2012-08-20 18:54:13,214 views 4940 3428 Got file: "IMG_0547.JPG"
INFO 2012-08-20 18:54:13,269 views 4940 3428 File saving done
INFO 2012-08-20 18:58:05,374 views 4940 5528 load_photo
INFO 2012-08-20 18:58:05,413 views 4940 5528 Got file: "IMG_0547.JPG"
INFO 2012-08-20 18:58:05,605 views 4940 5528 File saving done
INFO 2012-08-20 18:58:26,405 views 4940 5584 load_photo
INFO 2012-08-20 18:58:26,493 views 4940 5584 Got file: "IMG_0547.JPG"
INFO 2012-08-20 18:58:26,654 views 4940 5584 File saving done
INFO 2012-08-20 18:59:05,572 views 4940 1408 load_photo
INFO 2012-08-20 18:59:05,611 views 4940 1408 Got file: "IMG_0547.JPG"
INFO 2012-08-20 18:59:05,670 views 4940 1408 File saving done
INFO 2012-08-20 18:59:07,928 views 4940 5180 load_photo
INFO 2012-08-20 18:59:07,963 views 4940 5180 Got file: "091212sb030.jpg"
INFO 2012-08-20 18:59:08,010 views 4940 5180 File saving done
INFO 2012-08-20 18:59:10,305 views 4940 4480 load_photo
INFO 2012-08-20 18:59:10,332 views 4940 4480 Got file: "980u.jpg"
INFO 2012-08-20 18:59:10,378 views 4940 4480 File saving done
INFO 2012-08-20 18:59:12,086 views 4940 5600 load_photo
INFO 2012-08-20 18:59:12,161 views 4940 5600 Got file: "IMG_0515.JPG"
INFO 2012-08-20 18:59:12,224 views 4940 5600 File saving done
INFO 2012-08-20 18:59:14,480 views 4940 5472 load_photo
INFO 2012-08-20 18:59:14,565 views 4940 5472 Got file: "IMG_0519.JPG"
INFO 2012-08-20 18:59:14,612 views 4940 5472 File saving done
INFO 2012-08-20 18:59:16,323 views 4940 5048 load_photo
INFO 2012-08-20 18:59:16,358 views 4940 5048 Got file: "x_a99ea05f.jpg"
INFO 2012-08-20 18:59:16,500 views 4940 5048 File saving done
INFO 2012-08-20 18:59:19,414 views 4940 5720 load_photo
INFO 2012-08-20 18:59:19,448 views 4940 5720 Got file: "x_a99ea05f.jpg"
INFO 2012-08-20 18:59:19,651 views 4940 5720 File saving done
INFO 2012-08-20 18:59:24,025 views 4940 5460 load_photo
INFO 2012-08-20 18:59:24,056 views 4940 5460 Got file: "y_d15d2bd8.jpg"
INFO 2012-08-20 18:59:24,239 views 4940 5460 File saving done
